Loading db file '/usr/cad/Design_Kit/CBDK_IC_Contest_v2.5/SynopsysDC/db/slow.db'
Information: Propagating switching activity (low effort zero delay simulation). (PWR-6)
Warning: Design has unannotated primary inputs. (PWR-414)
Warning: Design has unannotated sequential cell outputs. (PWR-415)
 
****************************************
Report : power
        -analysis_effort low
Design : CONV
Version: T-2022.03
Date   : Wed Mar 19 22:05:04 2025
****************************************


Library(s) Used:

    slow (File: /usr/cad/Design_Kit/CBDK_IC_Contest_v2.5/SynopsysDC/db/slow.db)


Operating Conditions: slow   Library: slow
Wire Load Model Mode: top

Design        Wire Load Model            Library
------------------------------------------------
CONV                   tsmc13_wl10       slow


Global Operating Voltage = 1.08 
Power-specific unit information :
    Voltage Units = 1V
    Capacitance Units = 1.000000pf
    Time Units = 1ns
    Dynamic Power Units = 1mW    (derived from V,C,T units)
    Leakage Power Units = 1pW


Attributes
----------
i - Including register clock pin internal power


  Cell Internal Power  = 338.4262 uW   (53%)
  Net Switching Power  = 298.2981 uW   (47%)
                         ---------
Total Dynamic Power    = 636.7243 uW  (100%)

Cell Leakage Power     =  23.9878 uW


                 Internal         Switching           Leakage            Total
Power Group      Power            Power               Power              Power   (   %    )  Attrs
--------------------------------------------------------------------------------------------------
io_pad             0.0000            0.0000            0.0000            0.0000  (   0.00%)
memory             0.0000            0.0000            0.0000            0.0000  (   0.00%)
black_box          0.0000            0.0000            0.0000            0.0000  (   0.00%)
clock_network      0.2153            0.0000            0.0000            0.0000  (   0.00%)  i
register       9.9232e-03        1.2844e-02        4.2567e+06            0.2424  (  36.68%)
sequential         0.0000            0.0000            0.0000            0.0000  (   0.00%)
combinational      0.1132            0.2855        1.9731e+07            0.4184  (  63.32%)
--------------------------------------------------------------------------------------------------
Total              0.3384 mW         0.2983 mW     2.3988e+07 pW         0.6607 mW
1
