 
****************************************
Report : timing
        -path full
        -delay max
        -max_paths 1
Design : CONV
Version: T-2022.03
Date   : Wed Mar 19 22:05:04 2025
****************************************

Operating Conditions: slow   Library: slow
Wire Load Model Mode: top

  Startpoint: counterRead_reg[1]
              (rising edge-triggered flip-flop clocked by clk)
  Endpoint: convTemp_reg[43]
            (rising edge-triggered flip-flop clocked by clk)
  Path Group: clk
  Path Type: max

  Des/Clust/Port     Wire Load Model       Library
  ------------------------------------------------
  CONV               tsmc13_wl10           slow

  Point                                                   Incr       Path
  --------------------------------------------------------------------------
  clock clk (rise edge)                                   0.00       0.00
  clock network delay (ideal)                             0.50       0.50
  counterRead_reg[1]/CK (DFFRX4)                          0.00       0.50 r
  counterRead_reg[1]/Q (DFFRX4)                           0.45       0.95 f
  U509/Y (CLKINVX1)                                       0.16       1.12 r
  U589/Y (NAND2X1)                                        0.22       1.34 f
  U739/Y (CLKINVX1)                                       0.32       1.65 r
  U1151/Y (NAND2X2)                                       0.31       1.96 f
  U741/Y (NAND2X1)                                        0.46       2.42 r
  U501/Y (CLKINVX1)                                       0.31       2.73 f
  U632/Y (OAI211XL)                                       0.57       3.30 r
  mult_375/a[3] (CONV_DW_mult_tc_2)                       0.00       3.30 r
  mult_375/U953/Y (BUFX6)                                 0.33       3.63 r
  mult_375/U886/Y (XNOR2X1)                               0.28       3.91 f
  mult_375/U885/Y (BUFX8)                                 0.19       4.10 f
  mult_375/U1598/Y (OAI22XL)                              0.46       4.56 r
  mult_375/U1597/S (ADDHXL)                               0.63       5.19 r
  mult_375/U1667/S (ADDFX2)                               0.58       5.77 r
  mult_375/U986/Y (OR2X1)                                 0.39       6.16 r
  mult_375/U947/Y (AOI21X4)                               0.16       6.32 f
  mult_375/U990/Y (OA21X2)                                0.39       6.71 f
  mult_375/U1408/Y (OAI21XL)                              0.47       7.18 r
  mult_375/U1406/Y (XNOR2X1)                              0.49       7.67 f
  mult_375/product[8] (CONV_DW_mult_tc_2)                 0.00       7.67 f
  r442/B[8] (CONV_DW01_add_5)                             0.00       7.67 f
  r442/U402/Y (NOR2X1)                                    0.58       8.25 r
  r442/U591/Y (OAI21XL)                                   0.29       8.54 f
  r442/U589/Y (AOI21X1)                                   0.53       9.07 r
  r442/U376/Y (OAI21X4)                                   0.20       9.27 f
  r442/U494/Y (AOI21X2)                                   0.26       9.52 r
  r442/U382/Y (OAI21X1)                                   0.26       9.79 f
  r442/U493/Y (AOI21X2)                                   0.30      10.09 r
  r442/U377/Y (OAI21X1)                                   0.26      10.35 f
  r442/U472/Y (INVX3)                                     0.13      10.47 r
  r442/U486/Y (OA21X4)                                    0.20      10.68 r
  r442/U490/Y (OAI21X4)                                   0.10      10.78 f
  r442/U408/Y (AO21X2)                                    0.42      11.20 f
  r442/U443/Y (NAND2X4)                                   0.13      11.33 r
  r442/U394/Y (NAND2X2)                                   0.14      11.47 f
  r442/U471/Y (AOI21X4)                                   0.18      11.65 r
  r442/U452/Y (OR2X4)                                     0.17      11.81 r
  r442/U444/Y (NAND2X4)                                   0.10      11.91 f
  r442/U451/Y (AOI21X4)                                   0.19      12.09 r
  r442/U457/Y (INVX3)                                     0.09      12.18 f
  r442/U464/Y (NAND2X2)                                   0.10      12.28 r
  r442/U428/Y (NAND2X2)                                   0.13      12.41 f
  r442/U475/Y (AOI21X2)                                   0.27      12.68 r
  r442/U536/Y (CLKINVX1)                                  0.17      12.85 f
  r442/U535/Y (NAND2X1)                                   0.20      13.05 r
  r442/U474/Y (NAND2X2)                                   0.16      13.21 f
  r442/U469/Y (AOI21X2)                                   0.20      13.41 r
  r442/U666/Y (XOR2X1)                                    0.23      13.64 f
  r442/SUM[43] (CONV_DW01_add_5)                          0.00      13.64 f
  U603/Y (AOI22X1)                                        0.31      13.95 r
  U602/Y (NAND3X1)                                        0.21      14.16 f
  convTemp_reg[43]/D (DFFRX1)                             0.00      14.16 f
  data arrival time                                                 14.16

  clock clk (rise edge)                                  14.00      14.00
  clock network delay (ideal)                             0.50      14.50
  clock uncertainty                                      -0.10      14.40
  convTemp_reg[43]/CK (DFFRX1)                            0.00      14.40 r
  library setup time                                     -0.24      14.16
  data required time                                                14.16
  --------------------------------------------------------------------------
  data required time                                                14.16
  data arrival time                                                -14.16
  --------------------------------------------------------------------------
  slack (MET)                                                        0.00


1
